2025-09-16 12:23:43,384 - INFO - Starting data ingestion process
2025-09-16 12:23:55,616 - ERROR - Error while dowloading the csv file
2025-09-16 12:23:55,618 - INFO - Data ingestion completed
2025-09-16 12:37:15,208 - INFO - Succesfully read the YAML file
2025-09-16 12:37:18,037 - INFO - Succesfully read the YAML file
2025-09-16 12:37:18,037 - INFO - Data ingestion started with mt_bucket9657 and file is Hotel_Reservations.csv
2025-09-16 12:37:18,037 - INFO - Starting data ingestion process
2025-09-16 12:37:20,719 - INFO - CSV file is succesfully dowloaded to artifacts/raw\raw.csv
2025-09-16 12:37:20,719 - INFO - Starting the splitting process
2025-09-16 12:37:20,962 - INFO - Train data saved to artifacts/raw\train.csv
2025-09-16 12:37:20,962 - INFO - Test data saved to artifacts/raw\test.csv
2025-09-16 12:37:20,962 - INFO - Data ingestion completed succesfully
2025-09-16 12:37:20,962 - INFO - Data ingestion completed
2025-09-16 12:37:20,962 - INFO - Succesfully read the YAML file
2025-09-16 12:37:20,962 - INFO - Loading data from RAW directory
2025-09-16 12:37:20,962 - INFO - loading data
2025-09-16 12:37:21,024 - INFO - loading data
2025-09-16 12:37:21,061 - INFO - Starting our Data Processing step
2025-09-16 12:37:21,062 - INFO - Dropping the columns
2025-09-16 12:37:21,087 - INFO - Applying LabelEncoder
2025-09-16 12:37:21,094 - INFO - Label mappings are: 
2025-09-16 12:37:21,094 - INFO - type_of_meal_plan: {'Meal Plan 1': np.int64(0), 'Meal Plan 2': np.int64(1), 'Meal Plan 3': np.int64(2), 'Not Selected': np.int64(3)}
2025-09-16 12:37:21,094 - INFO - room_type_reserved: {'Room_Type 1': np.int64(0), 'Room_Type 2': np.int64(1), 'Room_Type 3': np.int64(2), 'Room_Type 4': np.int64(3), 'Room_Type 5': np.int64(4), 'Room_Type 6': np.int64(5), 'Room_Type 7': np.int64(6)}
2025-09-16 12:37:21,094 - INFO - market_segment_type: {'Aviation': np.int64(0), 'Complementary': np.int64(1), 'Corporate': np.int64(2), 'Offline': np.int64(3), 'Online': np.int64(4)}
2025-09-16 12:37:21,094 - INFO - booking_status: {'Canceled': np.int64(0), 'Not_Canceled': np.int64(1)}
2025-09-16 12:37:21,094 - INFO - Doing Skewness Handling
2025-09-16 12:37:21,099 - INFO - Starting our Data Processing step
2025-09-16 12:37:21,099 - INFO - Dropping the columns
2025-09-16 12:37:21,101 - INFO - Applying LabelEncoder
2025-09-16 12:37:21,105 - INFO - Label mappings are: 
2025-09-16 12:37:21,105 - INFO - type_of_meal_plan: {'Meal Plan 1': np.int64(0), 'Meal Plan 2': np.int64(1), 'Meal Plan 3': np.int64(2), 'Not Selected': np.int64(3)}
2025-09-16 12:37:21,105 - INFO - room_type_reserved: {'Room_Type 1': np.int64(0), 'Room_Type 2': np.int64(1), 'Room_Type 3': np.int64(2), 'Room_Type 4': np.int64(3), 'Room_Type 5': np.int64(4), 'Room_Type 6': np.int64(5), 'Room_Type 7': np.int64(6)}
2025-09-16 12:37:21,105 - INFO - market_segment_type: {'Aviation': np.int64(0), 'Complementary': np.int64(1), 'Corporate': np.int64(2), 'Offline': np.int64(3), 'Online': np.int64(4)}
2025-09-16 12:37:21,105 - INFO - booking_status: {'Canceled': np.int64(0), 'Not_Canceled': np.int64(1)}
2025-09-16 12:37:21,105 - INFO - Doing Skewness Handling
2025-09-16 12:37:21,107 - INFO - Handling imbalanced data
2025-09-16 12:37:23,787 - INFO - Data balanced sucessfuly
2025-09-16 12:37:23,789 - INFO - Starting our FeatureSelection step
2025-09-16 12:37:26,314 - INFO - Features selected: ['lead_time' 'no_of_special_requests' 'avg_price_per_room' 'arrival_month'
 'arrival_date' 'market_segment_type' 'no_of_week_nights'
 'no_of_weekend_nights' 'type_of_meal_plan' 'room_type_reserved']
2025-09-16 12:37:26,314 - INFO - FeatureSelection completed sucessfully
2025-09-16 12:37:26,314 - INFO - data changes are being saved
2025-09-16 12:37:26,314 - INFO - Saving our data in processed folder
2025-09-16 12:37:26,380 - INFO - Data saved succesfully to artifacts/processed\processed_train.csv
2025-09-16 12:37:26,380 - INFO - Saving our data in processed folder
2025-09-16 12:37:26,400 - INFO - Data saved succesfully to artifacts/processed\processed_test.csv
2025-09-16 12:37:26,400 - INFO - Data processing completed succesfully
2025-09-16 12:37:28,777 - INFO - Starting our Model Training Pipeline
2025-09-16 12:37:28,777 - INFO - Starting our MLFLOW EXPERIMENTATION
2025-09-16 12:37:28,806 - INFO - Logging the training and testing dataset to MLFLOW
2025-09-16 12:37:28,911 - INFO - Loading data from artifacts/processed\processed_train.csv
2025-09-16 12:37:28,911 - INFO - loading data
2025-09-16 12:37:28,933 - INFO - Loading data from artifacts/processed\processed_test.csv
2025-09-16 12:37:28,933 - INFO - loading data
2025-09-16 12:37:28,938 - INFO - Data splitted successfully for Model Training
2025-09-16 12:37:28,938 - INFO - Initializing our model
2025-09-16 12:37:28,938 - INFO - Starting our hyperparams tuning
2025-09-16 12:37:56,355 - INFO - Hyperparams tuning completed
2025-09-16 12:37:56,355 - INFO - Best parameters are: {'boosting_type': 'dart', 'data_sample_strategy': None, 'learning_rate': np.float64(0.13349630192554332), 'max_depth': 26, 'n_estimators': 352, 'num_leaves': 68}
2025-09-16 12:37:56,355 - INFO - Evaluating our model
2025-09-16 12:37:56,391 - INFO - Accuracy: 0.8553001488341326
2025-09-16 12:37:56,391 - INFO - Precision: 0.902368293861769
2025-09-16 12:37:56,391 - INFO - Recall: 0.8879904875148632
2025-09-16 12:37:56,391 - INFO - f1: 0.8951216588757042
2025-09-16 12:37:56,391 - INFO - Logging the model into MLFLOW
2025-09-16 12:38:03,869 - INFO - Model Training sucesfully completed
